{
  "RSpec": {
    "coverage": {
      "/Users/adamgamble/rails/sim_cinema/app/models/user.rb": [
        1,
        null,
        null,
        null,
        1,
        null,
        null,
        1,
        null
      ],
      "/Users/adamgamble/rails/sim_cinema/app/helpers/application_helper.rb": [
        1,
        null
      ],
      "/Users/adamgamble/rails/sim_cinema/app/helpers/dashboard_helper.rb": [
        1,
        null
      ],
      "/Users/adamgamble/rails/sim_cinema/app/helpers/movies_helper.rb": [
        1,
        null
      ],
      "/Users/adamgamble/rails/sim_cinema/app/controllers/movies_controller.rb": [
        1,
        1,
        0,
        null,
        null,
        1,
        0,
        null,
        null,
        1,
        0,
        null,
        0,
        0,
        null,
        0,
        null,
        null,
        null,
        1,
        1,
        0,
        null,
        null
      ],
      "/Users/adamgamble/rails/sim_cinema/app/controllers/application_controller.rb": [
        1,
        1,
        null,
        null,
        1,
        null,
        1,
        0,
        null,
        null
      ],
      "/Users/adamgamble/rails/sim_cinema/app/decorators/movie_decorator.rb": [
        1,
        1,
        1,
        null,
        null,
        null,
        null,
        null,
        null,
        null,
        null,
        null,
        null,
        null,
        1,
        1,
        null,
        null,
        1,
        1,
        null,
        null,
        1,
        1,
        null,
        null
      ],
      "/Users/adamgamble/rails/sim_cinema/app/models/actor.rb": [
        1,
        null
      ],
      "/Users/adamgamble/rails/sim_cinema/app/models/composer.rb": [
        1,
        null
      ],
      "/Users/adamgamble/rails/sim_cinema/app/models/effects_studio.rb": [
        1,
        null
      ],
      "/Users/adamgamble/rails/sim_cinema/app/models/movie_role.rb": [
        1,
        1,
        1,
        null
      ],
      "/Users/adamgamble/rails/sim_cinema/app/models/movie.rb": [
        1,
        1,
        1,
        1,
        null,
        1,
        1,
        1,
        null,
        1,
        1,
        null,
        1,
        1,
        1,
        null,
        null,
        null,
        1,
        4,
        null,
        null,
        1,
        4,
        null,
        null,
        1,
        2,
        null,
        null
      ],
      "/Users/adamgamble/rails/sim_cinema/app/models/movie_studio.rb": [
        1,
        1,
        null,
        1,
        2,
        null,
        null
      ],
      "/Users/adamgamble/rails/sim_cinema/app/models/proposal_generator.rb": [
        1,
        1,
        1,
        null,
        null,
        1,
        1,
        3,
        null,
        null,
        1,
        1,
        5,
        null,
        null,
        null,
        1,
        1,
        5,
        null,
        null,
        1,
        1,
        null,
        null
      ],
      "/Users/adamgamble/rails/sim_cinema/app/models/proposal.rb": [
        1,
        1,
        1,
        null
      ]
    },
    "timestamp": 1376805110
  }
}
